{"C:\\Users\\charl\\Downloads\\Cryptid-Web-App\\public\\javascripts\\create_room.js": {"path":"C:\\Users\\charl\\Downloads\\Cryptid-Web-App\\public\\javascripts\\create_room.js","statementMap":{"0":{"start":{"line":3,"column":4},"end":{"line":3,"column":52}},"1":{"start":{"line":4,"column":4},"end":{"line":4,"column":38}},"2":{"start":{"line":6,"column":0},"end":{"line":6,"column":24}}},"fnMap":{"0":{"name":"players","decl":{"start":{"line":2,"column":9},"end":{"line":2,"column":16}},"loc":{"start":{"line":2,"column":19},"end":{"line":5,"column":1}},"line":2}},"branchMap":{},"s":{"0":1,"1":1,"2":1},"f":{"0":1},"b":{},"_coverageSchema":"1a1c01bbd47fc00a2c39e90264f33305004495a9","hash":"bf010e36c0106fe5240e9563e2e8af35d52d4921"}
,"C:\\Users\\charl\\Downloads\\Cryptid-Web-App\\public\\javascripts\\game_mode.js": {"path":"C:\\Users\\charl\\Downloads\\Cryptid-Web-App\\public\\javascripts\\game_mode.js","statementMap":{"0":{"start":{"line":2,"column":14},"end":{"line":2,"column":59}},"1":{"start":{"line":4,"column":4},"end":{"line":6,"column":5}},"2":{"start":{"line":5,"column":8},"end":{"line":5,"column":60}},"3":{"start":{"line":7,"column":4},"end":{"line":9,"column":5}},"4":{"start":{"line":8,"column":8},"end":{"line":8,"column":61}},"5":{"start":{"line":10,"column":4},"end":{"line":15,"column":5}},"6":{"start":{"line":11,"column":8},"end":{"line":11,"column":37}},"7":{"start":{"line":14,"column":8},"end":{"line":14,"column":40}},"8":{"start":{"line":17,"column":0},"end":{"line":17,"column":28}}},"fnMap":{"0":{"name":"switch_page","decl":{"start":{"line":1,"column":9},"end":{"line":1,"column":20}},"loc":{"start":{"line":1,"column":26},"end":{"line":16,"column":1}},"line":1}},"branchMap":{"0":{"loc":{"start":{"line":4,"column":4},"end":{"line":6,"column":5}},"type":"if","locations":[{"start":{"line":4,"column":4},"end":{"line":6,"column":5}},{"start":{},"end":{}}],"line":4},"1":{"loc":{"start":{"line":7,"column":4},"end":{"line":9,"column":5}},"type":"if","locations":[{"start":{"line":7,"column":4},"end":{"line":9,"column":5}},{"start":{},"end":{}}],"line":7},"2":{"loc":{"start":{"line":10,"column":4},"end":{"line":15,"column":5}},"type":"if","locations":[{"start":{"line":10,"column":4},"end":{"line":15,"column":5}},{"start":{"line":13,"column":8},"end":{"line":15,"column":5}}],"line":10}},"s":{"0":4,"1":4,"2":2,"3":4,"4":2,"5":4,"6":2,"7":2,"8":1},"f":{"0":4},"b":{"0":[2,2],"1":[2,2],"2":[2,2]},"_coverageSchema":"1a1c01bbd47fc00a2c39e90264f33305004495a9","hash":"9d52f0021cd03cd823cb92038b3f5c06c1cc18f4"}
,"C:\\Users\\charl\\Downloads\\Cryptid-Web-App\\public\\javascripts\\game_room.js": {"path":"C:\\Users\\charl\\Downloads\\Cryptid-Web-App\\public\\javascripts\\game_room.js","statementMap":{"0":{"start":{"line":2,"column":4},"end":{"line":2,"column":59}},"1":{"start":{"line":3,"column":4},"end":{"line":5,"column":5}},"2":{"start":{"line":4,"column":8},"end":{"line":4,"column":56}},"3":{"start":{"line":6,"column":4},"end":{"line":6,"column":38}},"4":{"start":{"line":9,"column":4},"end":{"line":9,"column":57}},"5":{"start":{"line":10,"column":4},"end":{"line":10,"column":38}},"6":{"start":{"line":13,"column":4},"end":{"line":13,"column":31}},"7":{"start":{"line":14,"column":4},"end":{"line":14,"column":28}},"8":{"start":{"line":16,"column":0},"end":{"line":16,"column":40}}},"fnMap":{"0":{"name":"create","decl":{"start":{"line":1,"column":9},"end":{"line":1,"column":15}},"loc":{"start":{"line":1,"column":17},"end":{"line":7,"column":1}},"line":1},"1":{"name":"join","decl":{"start":{"line":8,"column":9},"end":{"line":8,"column":13}},"loc":{"start":{"line":8,"column":15},"end":{"line":11,"column":1}},"line":8},"2":{"name":"browse","decl":{"start":{"line":12,"column":9},"end":{"line":12,"column":15}},"loc":{"start":{"line":12,"column":17},"end":{"line":15,"column":1}},"line":12}},"branchMap":{"0":{"loc":{"start":{"line":3,"column":4},"end":{"line":5,"column":5}},"type":"if","locations":[{"start":{"line":3,"column":4},"end":{"line":5,"column":5}},{"start":{},"end":{}}],"line":3}},"s":{"0":1,"1":1,"2":1,"3":1,"4":1,"5":1,"6":1,"7":1,"8":1},"f":{"0":1,"1":1,"2":1},"b":{"0":[1,0]},"_coverageSchema":"1a1c01bbd47fc00a2c39e90264f33305004495a9","hash":"017e28802115b20e1b1ff2492d421d0fa136aa17"}
,"C:\\Users\\charl\\Downloads\\Cryptid-Web-App\\public\\javascripts\\getBoards.js": {"path":"C:\\Users\\charl\\Downloads\\Cryptid-Web-App\\public\\javascripts\\getBoards.js","statementMap":{"0":{"start":{"line":2,"column":4},"end":{"line":13,"column":5}},"1":{"start":{"line":3,"column":30},"end":{"line":3,"column":46}},"2":{"start":{"line":4,"column":25},"end":{"line":4,"column":51}},"3":{"start":{"line":6,"column":8},"end":{"line":8,"column":9}},"4":{"start":{"line":7,"column":12},"end":{"line":7,"column":94}},"5":{"start":{"line":9,"column":8},"end":{"line":9,"column":24}},"6":{"start":{"line":11,"column":8},"end":{"line":11,"column":57}},"7":{"start":{"line":12,"column":8},"end":{"line":12,"column":18}},"8":{"start":{"line":15,"column":0},"end":{"line":15,"column":28}}},"fnMap":{"0":{"name":"getAllJsons","decl":{"start":{"line":1,"column":15},"end":{"line":1,"column":26}},"loc":{"start":{"line":1,"column":36},"end":{"line":14,"column":1}},"line":1}},"branchMap":{"0":{"loc":{"start":{"line":6,"column":8},"end":{"line":8,"column":9}},"type":"if","locations":[{"start":{"line":6,"column":8},"end":{"line":8,"column":9}},{"start":{},"end":{}}],"line":6}},"s":{"0":2,"1":2,"2":2,"3":1,"4":0,"5":1,"6":1,"7":1,"8":1},"f":{"0":2},"b":{"0":[0,1]},"_coverageSchema":"1a1c01bbd47fc00a2c39e90264f33305004495a9","hash":"58147aaf92138439f8374ef26d866cd6f352a04b"}
,"C:\\Users\\charl\\Downloads\\Cryptid-Web-App\\public\\javascripts\\home.js": {"path":"C:\\Users\\charl\\Downloads\\Cryptid-Web-App\\public\\javascripts\\home.js","statementMap":{"0":{"start":{"line":2,"column":4},"end":{"line":2,"column":57}},"1":{"start":{"line":3,"column":4},"end":{"line":5,"column":5}},"2":{"start":{"line":4,"column":8},"end":{"line":4,"column":56}},"3":{"start":{"line":6,"column":4},"end":{"line":6,"column":38}},"4":{"start":{"line":10,"column":4},"end":{"line":10,"column":58}},"5":{"start":{"line":11,"column":4},"end":{"line":11,"column":40}},"6":{"start":{"line":15,"column":4},"end":{"line":15,"column":40}},"7":{"start":{"line":21,"column":0},"end":{"line":21,"column":52}}},"fnMap":{"0":{"name":"online_play","decl":{"start":{"line":1,"column":9},"end":{"line":1,"column":20}},"loc":{"start":{"line":1,"column":22},"end":{"line":7,"column":1}},"line":1},"1":{"name":"local_play","decl":{"start":{"line":9,"column":9},"end":{"line":9,"column":19}},"loc":{"start":{"line":9,"column":21},"end":{"line":12,"column":1}},"line":9},"2":{"name":"custom","decl":{"start":{"line":14,"column":9},"end":{"line":14,"column":15}},"loc":{"start":{"line":14,"column":17},"end":{"line":16,"column":1}},"line":14}},"branchMap":{"0":{"loc":{"start":{"line":3,"column":4},"end":{"line":5,"column":5}},"type":"if","locations":[{"start":{"line":3,"column":4},"end":{"line":5,"column":5}},{"start":{},"end":{}}],"line":3}},"s":{"0":1,"1":1,"2":1,"3":1,"4":1,"5":1,"6":1,"7":1},"f":{"0":1,"1":1,"2":1},"b":{"0":[1,0]},"_coverageSchema":"1a1c01bbd47fc00a2c39e90264f33305004495a9","hash":"d8a67022732306a4d9ad11993ac04a2666005cf0"}
,"C:\\Users\\charl\\Downloads\\Cryptid-Web-App\\public\\javascripts\\index.js": {"path":"C:\\Users\\charl\\Downloads\\Cryptid-Web-App\\public\\javascripts\\index.js","statementMap":{"0":{"start":{"line":2,"column":4},"end":{"line":2,"column":36}},"1":{"start":{"line":5,"column":2},"end":{"line":8,"column":4}}},"fnMap":{"0":{"name":"login","decl":{"start":{"line":1,"column":9},"end":{"line":1,"column":14}},"loc":{"start":{"line":1,"column":17},"end":{"line":3,"column":3}},"line":1}},"branchMap":{},"s":{"0":1,"1":1},"f":{"0":1},"b":{},"_coverageSchema":"1a1c01bbd47fc00a2c39e90264f33305004495a9","hash":"1af58ff976ac0a8cc85363f395080779729b02a9"}
,"C:\\Users\\charl\\Downloads\\Cryptid-Web-App\\public\\javascripts\\join_room.js": {"path":"C:\\Users\\charl\\Downloads\\Cryptid-Web-App\\public\\javascripts\\join_room.js","statementMap":{"0":{"start":{"line":2,"column":15},"end":{"line":2,"column":53}},"1":{"start":{"line":3,"column":15},"end":{"line":3,"column":25}},"2":{"start":{"line":4,"column":4},"end":{"line":4,"column":57}},"3":{"start":{"line":5,"column":4},"end":{"line":5,"column":60}},"4":{"start":{"line":7,"column":4},"end":{"line":7,"column":36}},"5":{"start":{"line":10,"column":0},"end":{"line":10,"column":21}}},"fnMap":{"0":{"name":"join","decl":{"start":{"line":1,"column":9},"end":{"line":1,"column":13}},"loc":{"start":{"line":1,"column":15},"end":{"line":9,"column":1}},"line":1}},"branchMap":{},"s":{"0":1,"1":1,"2":1,"3":1,"4":1,"5":1},"f":{"0":1},"b":{},"_coverageSchema":"1a1c01bbd47fc00a2c39e90264f33305004495a9","hash":"127954ae1352030431fd8a3fd86514d0c1d3751d"}
}
