TN:
SF:create_room.js
FN:2,players
FNF:1
FNH:1
FNDA:1,players
DA:3,1
DA:4,1
DA:6,1
LF:3
LH:3
BRF:0
BRH:0
end_of_record
TN:
SF:game_mode.js
FN:1,switch_page
FNF:1
FNH:1
FNDA:4,switch_page
DA:2,4
DA:4,4
DA:5,2
DA:7,4
DA:8,2
DA:10,4
DA:11,2
DA:14,2
DA:17,1
LF:9
LH:9
BRDA:4,0,0,2
BRDA:4,0,1,2
BRDA:7,1,0,2
BRDA:7,1,1,2
BRDA:10,2,0,2
BRDA:10,2,1,2
BRF:6
BRH:6
end_of_record
TN:
SF:game_room.js
FN:1,create
FN:8,join
FN:12,browse
FNF:3
FNH:3
FNDA:1,create
FNDA:1,join
FNDA:1,browse
DA:2,1
DA:3,1
DA:4,1
DA:6,1
DA:9,1
DA:10,1
DA:13,1
DA:14,1
DA:16,1
LF:9
LH:9
BRDA:3,0,0,1
BRDA:3,0,1,0
BRF:2
BRH:1
end_of_record
TN:
SF:getBoards.js
FN:1,getAllJsons
FNF:1
FNH:1
FNDA:2,getAllJsons
DA:2,2
DA:3,2
DA:4,2
DA:6,1
DA:7,0
DA:9,1
DA:11,1
DA:12,1
DA:15,1
LF:9
LH:8
BRDA:6,0,0,0
BRDA:6,0,1,1
BRF:2
BRH:1
end_of_record
TN:
SF:home.js
FN:1,online_play
FN:9,local_play
FN:14,custom
FNF:3
FNH:3
FNDA:1,online_play
FNDA:1,local_play
FNDA:1,custom
DA:2,1
DA:3,1
DA:4,1
DA:6,1
DA:10,1
DA:11,1
DA:15,1
DA:21,1
LF:8
LH:8
BRDA:3,0,0,1
BRDA:3,0,1,0
BRF:2
BRH:1
end_of_record
TN:
SF:index.js
FN:1,login
FNF:1
FNH:1
FNDA:1,login
DA:2,1
DA:5,1
LF:2
LH:2
BRF:0
BRH:0
end_of_record
TN:
SF:join_room.js
FN:1,join
FNF:1
FNH:1
FNDA:1,join
DA:2,1
DA:3,1
DA:4,1
DA:5,1
DA:7,1
DA:10,1
LF:6
LH:6
BRF:0
BRH:0
end_of_record
